e:\git_ipu\sheet\lpautochangemodel\x64\debug\moc_lpautochangemodel.obj
e:\git_ipu\sheet\lpautochangemodel\x64\debug\moc_modelctrl.obj
e:\git_ipu\sheet\lpautochangemodel\x64\debug\modelctrl.obj
e:\git_ipu\sheet\lpautochangemodel\x64\debug\moc_lpautochangemodel_global.obj
e:\git_ipu\sheet\lpautochangemodel\x64\debug\lpautochangemodel.obj
e:\git_ipu\soft_dev\runner17\x64\lpautochangemodeld.dll
e:\git_ipu\soft_dev\runner17\x64\lpautochangemodeld.ilk
e:\git_ipu\soft_dev\runner17\x64\lpautochangemodeld.pdb
e:\git_ipu\sheet\lpautochangemodel\generatedfiles\debug\moc_modelctrl.cpp
e:\git_ipu\sheet\lpautochangemodel\generatedfiles\debug\moc_lpautochangemodel.cpp
e:\git_ipu\sheet\lpautochangemodel\generatedfiles\debug\moc_lpautochangemodel_global.cpp
e:\git_ipu\soft_dev\runner17\x64\lpautochangemodeld.lib
e:\git_ipu\soft_dev\runner17\x64\lpautochangemodeld.exp
e:\git_ipu\sheet\lpautochangemodel\.\generatedfiles\debug\moc_modelctrl.cpp
e:\git_ipu\sheet\lpautochangemodel\.\generatedfiles\debug\moc_lpautochangemodel.cpp
e:\git_ipu\sheet\lpautochangemodel\.\generatedfiles\debug\moc_lpautochangemodel_global.cpp
e:\git_ipu\sheet\lpautochangemodel\x64\debug\vc141.pdb
e:\git_ipu\soft_dev\tpvs17\..\runner17\x64\lpautochangemodeld.pdb
e:\git_ipu\soft_dev\tpvs17\..\runner17\x64\lpautochangemodeld.dll
e:\git_ipu\soft_dev\tpvs17\..\runner17\x64\lpautochangemodeld.ilk
e:\git_ipu\sheet\lpautochangemodel\x64\debug\lpautoch.19525d0f.tlog\cl.command.1.tlog
e:\git_ipu\sheet\lpautochangemodel\x64\debug\lpautoch.19525d0f.tlog\cl.read.1.tlog
e:\git_ipu\sheet\lpautochangemodel\x64\debug\lpautoch.19525d0f.tlog\cl.write.1.tlog
e:\git_ipu\sheet\lpautochangemodel\x64\debug\lpautoch.19525d0f.tlog\link.39264.delete.1.tlog
e:\git_ipu\sheet\lpautochangemodel\x64\debug\lpautoch.19525d0f.tlog\link.command.1.tlog
e:\git_ipu\sheet\lpautochangemodel\x64\debug\lpautoch.19525d0f.tlog\link.read.1.tlog
e:\git_ipu\sheet\lpautochangemodel\x64\debug\lpautoch.19525d0f.tlog\link.write.1.tlog
e:\git_ipu\sheet\lpautochangemodel\x64\debug\lpautoch.19525d0f.tlog\lpautochangemodel.write.1u.tlog
e:\git_ipu\sheet\lpautochangemodel\x64\debug\lpautoch.19525d0f.tlog\moc.read.1u.tlog
e:\git_ipu\sheet\lpautochangemodel\x64\debug\lpautoch.19525d0f.tlog\moc.write.1u.tlog
