e:\git_ipu\sheet\lpqtconnotherapp\x64\debug\lpqtconnotherapp.obj
e:\git_ipu\sheet\lpqtconnotherapp\x64\debug\moc_lpqtconnotherapp_global.obj
e:\git_ipu\sheet\lpqtconnotherapp\x64\debug\vc141.pdb
e:\git_ipu\soft_dev\runner17\x64\lpqtconnotherappd.dll
e:\git_ipu\soft_dev\runner17\x64\lpqtconnotherappd.ilk
e:\git_ipu\soft_dev\runner17\x64\lpqtconnotherappd.pdb
e:\git_ipu\sheet\lpqtconnotherapp\generatedfiles\debug\moc_lpqtconnotherapp_global.cpp
e:\git_ipu\soft_dev\runner17\x64\lpqtconnotherappd.lib
e:\git_ipu\soft_dev\runner17\x64\lpqtconnotherappd.exp
e:\git_ipu\sheet\lpqtconnotherapp\.\generatedfiles\debug\moc_lpqtconnotherapp_global.cpp
e:\git_ipu\soft_dev\tpvs17\..\runner17\x64\lpqtconnotherappd.pdb
e:\git_ipu\soft_dev\tpvs17\..\runner17\x64\lpqtconnotherappd.dll
e:\git_ipu\soft_dev\tpvs17\..\runner17\x64\lpqtconnotherappd.ilk
e:\git_ipu\sheet\lpqtconnotherapp\x64\debug\lpqtconnotherapp.tlog\cl.command.1.tlog
e:\git_ipu\sheet\lpqtconnotherapp\x64\debug\lpqtconnotherapp.tlog\cl.read.1.tlog
e:\git_ipu\sheet\lpqtconnotherapp\x64\debug\lpqtconnotherapp.tlog\cl.write.1.tlog
e:\git_ipu\sheet\lpqtconnotherapp\x64\debug\lpqtconnotherapp.tlog\link.command.1.tlog
e:\git_ipu\sheet\lpqtconnotherapp\x64\debug\lpqtconnotherapp.tlog\link.read.1.tlog
e:\git_ipu\sheet\lpqtconnotherapp\x64\debug\lpqtconnotherapp.tlog\link.write.1.tlog
e:\git_ipu\sheet\lpqtconnotherapp\x64\debug\lpqtconnotherapp.tlog\lpqtconnotherapp.write.1u.tlog
e:\git_ipu\sheet\lpqtconnotherapp\x64\debug\lpqtconnotherapp.tlog\moc.read.1u.tlog
e:\git_ipu\sheet\lpqtconnotherapp\x64\debug\lpqtconnotherapp.tlog\moc.write.1u.tlog
