  Uic'ing lpVisualFuncConfigTool.ui...
  Uic'ing UiDatabase.ui...
  Uic'ing UiDiySet.ui...
  Uic'ing UiPlcConfig.ui...
  Uic'ing UiReadTableSet.ui...
  Moc'ing UiReadTableSet.h...
  Moc'ing UiDiySet.h...
  Moc'ing PLCConfigWidget.h...
  Moc'ing DataBaseConfig.h...
  Moc'ing lpvisualconfigtool_global.h...
  DataBaseConfig.cpp
  moc_DataBaseConfig.cpp
  moc_PLCConfigWidget.cpp
  moc_UiDiySet.cpp
  moc_UiReadTableSet.cpp
  moc_lpvisualconfigtool_global.cpp
  PLCConfigWidget.cpp
  UiDiySet.cpp
  UiReadTableSet.cpp
  lpVisualConfigTool.cpp
  lpVisualConfigTool.vcxproj -> E:\Git_ipu\soft_dev\tpvs17\..\runner17\x64\lpVisualConfigToold.dll
