e:\git_ipu\sheet\lpautochangemodel\x64\release\moc_lpqtconnnotherapp.obj
e:\git_ipu\sheet\lpautochangemodel\x64\release\moc_lpautochangemodel.obj
e:\git_ipu\sheet\lpautochangemodel\x64\release\lpqtconnnotherapp.obj
e:\git_ipu\sheet\lpautochangemodel\x64\release\moc_modelctrl.obj
e:\git_ipu\sheet\lpautochangemodel\x64\release\lpautochangemodel.obj
e:\git_ipu\sheet\lpautochangemodel\x64\release\modelctrl.obj
e:\git_ipu\sheet\lpautochangemodel\x64\release\moc_lpautochangemodel_global.obj
e:\git_ipu\sheet\lpautochangemodel\x64\release\vc141.pdb
e:\git_ipu\soft_dev\runner17\x64\lpautochangemodel.dll
e:\git_ipu\soft_dev\runner17\x64\lpautochangemodel.ilk
e:\git_ipu\soft_dev\runner17\x64\lpautochangemodel.pdb
e:\git_ipu\sheet\lpautochangemodel\generatedfiles\release\moc_modelctrl.cpp
e:\git_ipu\sheet\lpautochangemodel\generatedfiles\release\moc_lpautochangemodel.cpp
e:\git_ipu\sheet\lpautochangemodel\generatedfiles\release\moc_lpautochangemodel_global.cpp
e:\git_ipu\sheet\lpautochangemodel\generatedfiles\release\moc_lpqtconnnotherapp.cpp
e:\git_ipu\soft_dev\runner17\x64\lpautochangemodel.lib
e:\git_ipu\soft_dev\runner17\x64\lpautochangemodel.exp
e:\git_ipu\sheet\lpautochangemodel\.\generatedfiles\release\moc_modelctrl.cpp
e:\git_ipu\sheet\lpautochangemodel\.\generatedfiles\release\moc_lpautochangemodel.cpp
e:\git_ipu\sheet\lpautochangemodel\.\generatedfiles\release\moc_lpautochangemodel_global.cpp
e:\git_ipu\soft_dev\tpvs17\..\runner17\x64\lpautochangemodel.pdb
e:\git_ipu\soft_dev\tpvs17\..\runner17\x64\lpautochangemodel.dll
e:\git_ipu\soft_dev\tpvs17\..\runner17\x64\lpautochangemodel.ilk
e:\git_ipu\sheet\lpautochangemodel\x64\release\lpautoch.19525d0f.tlog\cl.command.1.tlog
e:\git_ipu\sheet\lpautochangemodel\x64\release\lpautoch.19525d0f.tlog\cl.read.1.tlog
e:\git_ipu\sheet\lpautochangemodel\x64\release\lpautoch.19525d0f.tlog\cl.write.1.tlog
e:\git_ipu\sheet\lpautochangemodel\x64\release\lpautoch.19525d0f.tlog\link.25624.delete.1.tlog
e:\git_ipu\sheet\lpautochangemodel\x64\release\lpautoch.19525d0f.tlog\link.29252.delete.1.tlog
e:\git_ipu\sheet\lpautochangemodel\x64\release\lpautoch.19525d0f.tlog\link.35888.delete.1.tlog
e:\git_ipu\sheet\lpautochangemodel\x64\release\lpautoch.19525d0f.tlog\link.4648.delete.1.tlog
e:\git_ipu\sheet\lpautochangemodel\x64\release\lpautoch.19525d0f.tlog\link.command.1.tlog
e:\git_ipu\sheet\lpautochangemodel\x64\release\lpautoch.19525d0f.tlog\link.read.1.tlog
e:\git_ipu\sheet\lpautochangemodel\x64\release\lpautoch.19525d0f.tlog\link.write.1.tlog
e:\git_ipu\sheet\lpautochangemodel\x64\release\lpautoch.19525d0f.tlog\lpautochangemodel.write.1u.tlog
e:\git_ipu\sheet\lpautochangemodel\x64\release\lpautoch.19525d0f.tlog\moc.read.1u.tlog
e:\git_ipu\sheet\lpautochangemodel\x64\release\lpautoch.19525d0f.tlog\moc.write.1u.tlog
